<?xml version="1.0" encoding="UTF-8"?>
<!-- Generated by org.testng.reporters.JUnitReportReporter -->
<testsuite hostname="DESKTOP-39GT5A6" failures="0" tests="1" name="practisepackage.Sample5" time="0.013" errors="0" timestamp="2022-11-10T16:37:31 IST" skipped="0">
  <testcase classname="practisepackage.Sample5" name="Script9" time="0.013"/>
  <system-out/>
</testsuite> <!-- practisepackage.Sample5 -->
