<?xml version="1.0" encoding="UTF-8"?>
<!-- Generated by org.testng.reporters.JUnitReportReporter -->
<testsuite hostname="DESKTOP-39GT5A6" failures="0" tests="1" name="testcasestestng.Test2" time="21.974" errors="0" timestamp="2022-11-15T16:53:36 IST" skipped="0">
  <testcase classname="testcasestestng.Test2" name="addBeneficiaryTransferFund" time="21.974"/>
  <system-out>
    <![CDATA[addBeneficiaryTransferFund--TestScript Execution Started--
addBeneficiaryTransferFund------>Script executes seucessfully]]>
  </system-out>
</testsuite> <!-- testcasestestng.Test2 -->
