<?xml version="1.0" encoding="UTF-8"?>
<!-- Generated by org.testng.reporters.JUnitReportReporter -->
<testsuite hostname="DESKTOP-39GT5A6" failures="0" tests="1" name="testcasestestng.Test4" time="3.512" errors="0" timestamp="2022-11-10T17:31:45 IST" skipped="0">
  <testcase classname="testcasestestng.Test4" name="staffLoginApprovePendingAccount" time="3.512"/>
  <system-out/>
</testsuite> <!-- testcasestestng.Test4 -->
