<?xml version="1.0" encoding="UTF-8"?>
<!-- Generated by org.testng.reporters.JUnitReportReporter -->
<testsuite hostname="DESKTOP-39GT5A6" failures="0" tests="5" name="practisepackage.DataProvider_FromExcelTest$DataProvideTest" time="0.016" errors="0" timestamp="2022-11-09T12:06:06 IST" skipped="0">
  <testcase classname="practisepackage.DataProvider_FromExcelTest$DataProvideTest" name="travelling" time="0.002"/>
  <system-out/>
  <testcase classname="practisepackage.DataProvider_FromExcelTest$DataProvideTest" name="travelling" time="0.008"/>
  <system-out/>
  <testcase classname="practisepackage.DataProvider_FromExcelTest$DataProvideTest" name="travelling" time="0.002"/>
  <system-out/>
  <testcase classname="practisepackage.DataProvider_FromExcelTest$DataProvideTest" name="travelling" time="0.002"/>
  <system-out/>
  <testcase classname="practisepackage.DataProvider_FromExcelTest$DataProvideTest" name="travelling" time="0.002"/>
  <system-out/>
</testsuite> <!-- practisepackage.DataProvider_FromExcelTest$DataProvideTest -->
