<?xml version="1.0" encoding="UTF-8"?>
<!-- Generated by org.testng.reporters.JUnitReportReporter -->
<testsuite hostname="DESKTOP-39GT5A6" failures="0" tests="2" name="practisepackage.AnnotationExecutionTest" time="0.015" errors="0" timestamp="2022-11-08T17:48:43 IST" skipped="0">
  <testcase classname="practisepackage.AnnotationExecutionTest" name="deleteaccount" time="0.005"/>
  <system-out/>
  <testcase classname="practisepackage.AnnotationExecutionTest" name="approveAccount" time="0.010"/>
  <system-out/>
</testsuite> <!-- practisepackage.AnnotationExecutionTest -->
