<?xml version="1.0" encoding="UTF-8"?>
<!-- Generated by org.testng.reporters.JUnitReportReporter -->
<testsuite hostname="DESKTOP-39GT5A6" failures="0" tests="3" name="practisepackage.DataProvider_FromClass" time="0.010" errors="0" timestamp="2022-11-08T17:01:41 IST" skipped="0">
  <testcase classname="practisepackage.DataProvider_FromClass" name="travelling" time="0.007"/>
  <system-out/>
  <testcase classname="practisepackage.DataProvider_FromClass" name="travelling" time="0.002"/>
  <system-out/>
  <testcase classname="practisepackage.DataProvider_FromClass" name="travelling" time="0.001"/>
  <system-out/>
</testsuite> <!-- practisepackage.DataProvider_FromClass -->
