<?xml version="1.0" encoding="UTF-8"?>
<!-- Generated by org.testng.reporters.JUnitReportReporter -->
<testsuite hostname="DESKTOP-39GT5A6" failures="0" tests="1" name="practisepackage.Sample4" time="0.003" errors="0" timestamp="2022-11-10T16:37:31 IST" skipped="0">
  <testcase classname="practisepackage.Sample4" name="Script7" time="0.003"/>
  <system-out/>
</testsuite> <!-- practisepackage.Sample4 -->
