<?xml version="1.0" encoding="UTF-8"?>
<!-- Generated by org.testng.reporters.JUnitReportReporter -->
<testsuite hostname="DESKTOP-39GT5A6" failures="0" tests="2" name="practisepackage.Check" time="0.015" errors="0" timestamp="2022-11-09T11:17:42 IST" skipped="0">
  <testcase classname="practisepackage.Check" name="bhim" time="0.013"/>
  <system-out/>
  <testcase classname="practisepackage.Check" name="sita" time="0.002"/>
  <system-out/>
</testsuite> <!-- practisepackage.Check -->
