<?xml version="1.0" encoding="UTF-8"?>
<!-- Generated by org.testng.reporters.JUnitReportReporter -->
<testsuite hostname="DESKTOP-39GT5A6" failures="0" tests="2" name="practisepackage.AnnotationExecution_TestInSameClassOrderOfExecution" time="0.019" errors="0" timestamp="2022-11-09T10:28:47 IST" skipped="0">
  <testcase classname="practisepackage.AnnotationExecution_TestInSameClassOrderOfExecution" name="approveaccount" time="0.013"/>
  <system-out/>
  <testcase classname="practisepackage.AnnotationExecution_TestInSameClassOrderOfExecution" name="openAccount" time="0.006"/>
  <system-out/>
</testsuite> <!-- practisepackage.AnnotationExecution_TestInSameClassOrderOfExecution -->
