<?xml version="1.0" encoding="UTF-8"?>
<!-- Generated by org.testng.reporters.JUnitReportReporter -->
<testsuite hostname="DESKTOP-39GT5A6" failures="0" tests="1" name="practisepackage.Sample1" time="0.002" errors="0" timestamp="2022-11-10T16:37:31 IST" skipped="0">
  <testcase classname="practisepackage.Sample1" name="script1" time="0.002"/>
  <system-out/>
</testsuite> <!-- practisepackage.Sample1 -->
