<?xml version="1.0" encoding="UTF-8"?>
<!-- Generated by org.testng.reporters.JUnitReportReporter -->
<testsuite hostname="DESKTOP-39GT5A6" failures="0" tests="1" name="testcasestestng.Test1" time="2.749" errors="0" timestamp="2022-11-10T12:32:04 IST" skipped="0">
  <testcase classname="testcasestestng.Test1" name="changePasswordUpdatePassword" time="2.749"/>
  <system-out/>
</testsuite> <!-- testcasestestng.Test1 -->
