<?xml version="1.0" encoding="UTF-8"?>
<!-- Generated by org.testng.reporters.JUnitReportReporter -->
<testsuite hostname="DESKTOP-39GT5A6" failures="0" tests="5" name="practisepackage.DataProvideTest" time="0.017" errors="0" timestamp="2022-11-09T11:28:39 IST" skipped="0">
  <testcase classname="practisepackage.DataProvideTest" name="travelling" time="0.002"/>
  <system-out/>
  <testcase classname="practisepackage.DataProvideTest" name="travelling" time="0.001"/>
  <system-out/>
  <testcase classname="practisepackage.DataProvideTest" name="travelling" time="0.002"/>
  <system-out/>
  <testcase classname="practisepackage.DataProvideTest" name="travelling" time="0.003"/>
  <system-out/>
  <testcase classname="practisepackage.DataProvideTest" name="travelling" time="0.009"/>
  <system-out/>
</testsuite> <!-- practisepackage.DataProvideTest -->
