<?xml version="1.0" encoding="UTF-8"?>
<!-- Generated by org.testng.reporters.JUnitReportReporter -->
<testsuite hostname="DESKTOP-39GT5A6" failures="0" tests="2" name="testcasestestng.Test2" time="45.398" errors="0" timestamp="2022-11-11T11:04:13 IST" skipped="0">
  <testcase classname="testcasestestng.Test2" name="addBeneficiaryTransferFund" time="23.639"/>
  <system-out/>
  <testcase classname="testcasestestng.Test2" name="addBeneficiaryTransferFund" time="21.759"/>
  <system-out/>
</testsuite> <!-- testcasestestng.Test2 -->
